[2025-11-17 14:51:15] INFO:  Database connected successfully
[2025-11-17 14:51:15] INFO:  Mongo URI: mongodb+srv://sara_inam:bsit%40123@cluster0.8kw1x3g.mongodb.net/E-shop
[2025-11-17 14:51:15] INFO:  Pool Size → Min: 2, Max: 10
[2025-11-17 14:51:15] INFO: Server running on port 5000
[2025-11-17 14:53:36] INFO:  Database connected successfully
[2025-11-17 14:53:36] INFO:  Mongo URI: mongodb+srv://sara_inam:bsit%40123@cluster0.8kw1x3g.mongodb.net/E-shop
[2025-11-17 14:53:36] INFO:  Pool Size → Min: 2, Max: 10
[2025-11-17 14:53:36] INFO: Server running on port 5000
[2025-11-17 14:54:34] INFO:  Database connected successfully
[2025-11-17 14:54:34] INFO:  Mongo URI: mongodb+srv://sara_inam:bsit%40123@cluster0.8kw1x3g.mongodb.net/E-shop
[2025-11-17 14:54:34] INFO:  Pool Size → Min: 2, Max: 10
[2025-11-17 14:54:34] INFO: Server running on port 5000
[2025-11-17 14:55:21] INFO:  Database connected successfully
[2025-11-17 14:55:21] INFO:  Mongo URI: mongodb+srv://sara_inam:bsit%40123@cluster0.8kw1x3g.mongodb.net/E-shop
[2025-11-17 14:55:21] INFO:  Pool Size → Min: 2, Max: 10
[2025-11-17 14:55:21] INFO: Server running on port 5000
[2025-11-17 14:55:43] INFO:  Database connected successfully
[2025-11-17 14:55:43] INFO:  Mongo URI: mongodb+srv://sara_inam:bsit%40123@cluster0.8kw1x3g.mongodb.net/E-shop
[2025-11-17 14:55:43] INFO:  Pool Size → Min: 2, Max: 10
[2025-11-17 14:55:43] INFO: Server running on port 5000
[2025-11-17 14:56:00] INFO:  Database connected successfully
[2025-11-17 14:56:00] INFO:  Mongo URI: mongodb+srv://sara_inam:bsit%40123@cluster0.8kw1x3g.mongodb.net/E-shop
[2025-11-17 14:56:00] INFO:  Pool Size → Min: 2, Max: 10
[2025-11-17 14:56:00] INFO: Server running on port 5000
[2025-11-17 14:56:21] INFO:  Database connected successfully
[2025-11-17 14:56:21] INFO:  Mongo URI: mongodb+srv://sara_inam:bsit%40123@cluster0.8kw1x3g.mongodb.net/E-shop
[2025-11-17 14:56:21] INFO:  Pool Size → Min: 2, Max: 10
[2025-11-17 14:56:21] INFO: Server running on port 5000
[2025-11-17 14:56:55] INFO:  Database connected successfully
[2025-11-17 14:56:55] INFO:  Mongo URI: mongodb+srv://sara_inam:bsit%40123@cluster0.8kw1x3g.mongodb.net/E-shop
[2025-11-17 14:56:55] INFO:  Pool Size → Min: 2, Max: 10
[2025-11-17 14:56:55] INFO: Server running on port 5000
[2025-11-17 14:57:26] INFO:  Database connected successfully
[2025-11-17 14:57:26] INFO:  Mongo URI: mongodb+srv://sara_inam:bsit%40123@cluster0.8kw1x3g.mongodb.net/E-shop
[2025-11-17 14:57:26] INFO:  Pool Size → Min: 2, Max: 10
[2025-11-17 14:57:26] INFO: Server running on port 5000
[2025-11-17 14:58:58] INFO:  Database connected successfully
[2025-11-17 14:58:58] INFO:  Mongo URI: mongodb+srv://sara_inam:bsit%40123@cluster0.8kw1x3g.mongodb.net/E-shop
[2025-11-17 14:58:58] INFO:  Pool Size → Min: 2, Max: 10
[2025-11-17 14:58:58] INFO: Server running on port 5000
[2025-11-17 15:03:13] INFO:  Database connected successfully
[2025-11-17 15:03:13] INFO:  Mongo URI: mongodb+srv://sara_inam:bsit%40123@cluster0.8kw1x3g.mongodb.net/E-shop
[2025-11-17 15:03:13] INFO:  Pool Size → Min: 2, Max: 10
[2025-11-17 15:03:13] INFO: Server running on port 5000
[2025-11-17 15:05:54] INFO:  Database connected successfully
[2025-11-17 15:05:54] INFO:  Mongo URI: mongodb+srv://sara_inam:bsit%40123@cluster0.8kw1x3g.mongodb.net/E-shop
[2025-11-17 15:05:54] INFO:  Pool Size → Min: 2, Max: 10
[2025-11-17 15:05:54] INFO: Server running on port 5000
[2025-11-17 15:06:46] INFO:  Database connected successfully
[2025-11-17 15:06:46] INFO:  Mongo URI: mongodb+srv://sara_inam:bsit%40123@cluster0.8kw1x3g.mongodb.net/E-shop
[2025-11-17 15:06:46] INFO:  Pool Size → Min: 2, Max: 10
[2025-11-17 15:06:46] INFO: Server running on port 5000
[2025-11-17 15:07:09] INFO:  Database connected successfully
[2025-11-17 15:07:09] INFO:  Mongo URI: mongodb+srv://sara_inam:bsit%40123@cluster0.8kw1x3g.mongodb.net/E-shop
[2025-11-17 15:07:09] INFO:  Pool Size → Min: 2, Max: 10
[2025-11-17 15:07:09] INFO: Server running on port 5000
[2025-11-17 15:07:42] INFO:  Database connected successfully
[2025-11-17 15:07:42] INFO:  Mongo URI: mongodb+srv://sara_inam:bsit%40123@cluster0.8kw1x3g.mongodb.net/E-shop
[2025-11-17 15:07:42] INFO:  Pool Size → Min: 2, Max: 10
[2025-11-17 15:07:42] INFO: Server running on port 5000
[2025-11-17 15:08:15] INFO:  Database connected successfully
[2025-11-17 15:08:15] INFO:  Mongo URI: mongodb+srv://sara_inam:bsit%40123@cluster0.8kw1x3g.mongodb.net/E-shop
[2025-11-17 15:08:15] INFO:  Pool Size → Min: 2, Max: 10
[2025-11-17 15:08:15] INFO: Server running on port 5000
[2025-11-17 15:09:01] INFO:  Database connected successfully
[2025-11-17 15:09:01] INFO:  Mongo URI: mongodb+srv://sara_inam:bsit%40123@cluster0.8kw1x3g.mongodb.net/E-shop
[2025-11-17 15:09:01] INFO:  Pool Size → Min: 2, Max: 10
[2025-11-17 15:09:01] INFO: Server running on port 5000
[2025-11-17 15:09:37] INFO:  Database connected successfully
[2025-11-17 15:09:37] INFO:  Mongo URI: mongodb+srv://sara_inam:bsit%40123@cluster0.8kw1x3g.mongodb.net/E-shop
[2025-11-17 15:09:37] INFO:  Pool Size → Min: 2, Max: 10
[2025-11-17 15:09:37] INFO: Server running on port 5000
[2025-11-17 15:10:35] INFO:  Database connected successfully
[2025-11-17 15:10:35] INFO:  Mongo URI: mongodb+srv://sara_inam:bsit%40123@cluster0.8kw1x3g.mongodb.net/E-shop
[2025-11-17 15:10:35] INFO:  Pool Size → Min: 2, Max: 10
[2025-11-17 15:10:35] INFO: Server running on port 5000
[2025-11-17 15:10:53] INFO:  Database connected successfully
[2025-11-17 15:10:53] INFO:  Mongo URI: mongodb+srv://sara_inam:bsit%40123@cluster0.8kw1x3g.mongodb.net/E-shop
[2025-11-17 15:10:53] INFO:  Pool Size → Min: 2, Max: 10
[2025-11-17 15:10:53] INFO: Server running on port 5000
[2025-11-17 15:14:43] INFO:  Database connected successfully
[2025-11-17 15:14:43] INFO:  Mongo URI: mongodb+srv://sara_inam:bsit%40123@cluster0.8kw1x3g.mongodb.net/E-shop
[2025-11-17 15:14:43] INFO:  Pool Size → Min: 2, Max: 10
[2025-11-17 15:14:43] INFO: Server running on port 5000
[2025-11-17 15:14:53] INFO:  Database connected successfully
[2025-11-17 15:14:53] INFO:  Mongo URI: mongodb+srv://sara_inam:bsit%40123@cluster0.8kw1x3g.mongodb.net/E-shop
[2025-11-17 15:14:53] INFO:  Pool Size → Min: 2, Max: 10
[2025-11-17 15:14:53] INFO: Server running on port 5000
[2025-11-17 15:15:29] INFO:  Database connected successfully
[2025-11-17 15:15:29] INFO:  Mongo URI: mongodb+srv://sara_inam:bsit%40123@cluster0.8kw1x3g.mongodb.net/E-shop
[2025-11-17 15:15:29] INFO:  Pool Size → Min: 2, Max: 10
[2025-11-17 15:15:29] INFO: Server running on port 5000
[2025-11-17 15:16:06] INFO:  Database connected successfully
[2025-11-17 15:16:06] INFO:  Mongo URI: mongodb+srv://sara_inam:bsit%40123@cluster0.8kw1x3g.mongodb.net/E-shop
[2025-11-17 15:16:06] INFO:  Pool Size → Min: 2, Max: 10
[2025-11-17 15:16:06] INFO: Server running on port 5000
[2025-11-17 15:16:22] INFO:  Database connected successfully
[2025-11-17 15:16:22] INFO:  Mongo URI: mongodb+srv://sara_inam:bsit%40123@cluster0.8kw1x3g.mongodb.net/E-shop
[2025-11-17 15:16:22] INFO:  Pool Size → Min: 2, Max: 10
[2025-11-17 15:16:22] INFO: Server running on port 5000
[2025-11-17 15:16:37] INFO:  Database connected successfully
[2025-11-17 15:16:37] INFO:  Mongo URI: mongodb+srv://sara_inam:bsit%40123@cluster0.8kw1x3g.mongodb.net/E-shop
[2025-11-17 15:16:37] INFO:  Pool Size → Min: 2, Max: 10
[2025-11-17 15:16:37] INFO: Server running on port 5000
[2025-11-17 15:16:51] INFO:  Database connected successfully
[2025-11-17 15:16:51] INFO:  Mongo URI: mongodb+srv://sara_inam:bsit%40123@cluster0.8kw1x3g.mongodb.net/E-shop
[2025-11-17 15:16:51] INFO:  Pool Size → Min: 2, Max: 10
[2025-11-17 15:16:52] INFO: Server running on port 5000
[2025-11-17 15:17:04] INFO:  Database connected successfully
[2025-11-17 15:17:04] INFO:  Mongo URI: mongodb+srv://sara_inam:bsit%40123@cluster0.8kw1x3g.mongodb.net/E-shop
[2025-11-17 15:17:04] INFO:  Pool Size → Min: 2, Max: 10
[2025-11-17 15:17:04] INFO: Server running on port 5000
[2025-11-17 15:17:25] INFO:  Database connected successfully
[2025-11-17 15:17:25] INFO:  Mongo URI: mongodb+srv://sara_inam:bsit%40123@cluster0.8kw1x3g.mongodb.net/E-shop
[2025-11-17 15:17:25] INFO:  Pool Size → Min: 2, Max: 10
[2025-11-17 15:17:25] INFO: Server running on port 5000
[2025-11-17 15:17:41] INFO:  Database connected successfully
[2025-11-17 15:17:41] INFO:  Mongo URI: mongodb+srv://sara_inam:bsit%40123@cluster0.8kw1x3g.mongodb.net/E-shop
[2025-11-17 15:17:41] INFO:  Pool Size → Min: 2, Max: 10
[2025-11-17 15:17:41] INFO: Server running on port 5000
[2025-11-17 15:17:54] INFO:  Database connected successfully
[2025-11-17 15:17:54] INFO:  Mongo URI: mongodb+srv://sara_inam:bsit%40123@cluster0.8kw1x3g.mongodb.net/E-shop
[2025-11-17 15:17:54] INFO:  Pool Size → Min: 2, Max: 10
[2025-11-17 15:17:54] INFO: Server running on port 5000
[2025-11-17 15:18:03] INFO:  Database connected successfully
[2025-11-17 15:18:03] INFO:  Mongo URI: mongodb+srv://sara_inam:bsit%40123@cluster0.8kw1x3g.mongodb.net/E-shop
[2025-11-17 15:18:03] INFO:  Pool Size → Min: 2, Max: 10
[2025-11-17 15:18:03] INFO: Server running on port 5000
[2025-11-17 15:18:12] INFO:  Database connected successfully
[2025-11-17 15:18:12] INFO:  Mongo URI: mongodb+srv://sara_inam:bsit%40123@cluster0.8kw1x3g.mongodb.net/E-shop
[2025-11-17 15:18:12] INFO:  Pool Size → Min: 2, Max: 10
[2025-11-17 15:18:12] INFO: Server running on port 5000
[2025-11-17 15:18:25] INFO:  Database connected successfully
[2025-11-17 15:18:25] INFO:  Mongo URI: mongodb+srv://sara_inam:bsit%40123@cluster0.8kw1x3g.mongodb.net/E-shop
[2025-11-17 15:18:25] INFO:  Pool Size → Min: 2, Max: 10
[2025-11-17 15:18:25] INFO: Server running on port 5000
[2025-11-17 15:18:31] INFO:  Database connected successfully
[2025-11-17 15:18:31] INFO:  Mongo URI: mongodb+srv://sara_inam:bsit%40123@cluster0.8kw1x3g.mongodb.net/E-shop
[2025-11-17 15:18:31] INFO:  Pool Size → Min: 2, Max: 10
[2025-11-17 15:18:31] INFO: Server running on port 5000
[2025-11-17 15:18:36] INFO:  Database connected successfully
[2025-11-17 15:18:36] INFO:  Mongo URI: mongodb+srv://sara_inam:bsit%40123@cluster0.8kw1x3g.mongodb.net/E-shop
[2025-11-17 15:18:36] INFO:  Pool Size → Min: 2, Max: 10
[2025-11-17 15:18:36] INFO: Server running on port 5000
[2025-11-17 15:18:53] INFO:  Database connected successfully
[2025-11-17 15:18:53] INFO:  Mongo URI: mongodb+srv://sara_inam:bsit%40123@cluster0.8kw1x3g.mongodb.net/E-shop
[2025-11-17 15:18:53] INFO:  Pool Size → Min: 2, Max: 10
[2025-11-17 15:18:53] INFO: Server running on port 5000
[2025-11-17 15:19:05] INFO:  Database connected successfully
[2025-11-17 15:19:05] INFO:  Mongo URI: mongodb+srv://sara_inam:bsit%40123@cluster0.8kw1x3g.mongodb.net/E-shop
[2025-11-17 15:19:05] INFO:  Pool Size → Min: 2, Max: 10
[2025-11-17 15:19:05] INFO: Server running on port 5000
[2025-11-17 15:19:19] INFO:  Database connected successfully
[2025-11-17 15:19:19] INFO:  Mongo URI: mongodb+srv://sara_inam:bsit%40123@cluster0.8kw1x3g.mongodb.net/E-shop
[2025-11-17 15:19:19] INFO:  Pool Size → Min: 2, Max: 10
[2025-11-17 15:19:19] INFO: Server running on port 5000
[2025-11-17 15:19:34] INFO:  Database connected successfully
[2025-11-17 15:19:34] INFO:  Mongo URI: mongodb+srv://sara_inam:bsit%40123@cluster0.8kw1x3g.mongodb.net/E-shop
[2025-11-17 15:19:34] INFO:  Pool Size → Min: 2, Max: 10
[2025-11-17 15:19:34] INFO: Server running on port 5000
[2025-11-17 15:20:28] INFO:  Database connected successfully
[2025-11-17 15:20:28] INFO:  Mongo URI: mongodb+srv://sara_inam:bsit%40123@cluster0.8kw1x3g.mongodb.net/E-shop
[2025-11-17 15:20:28] INFO:  Pool Size → Min: 2, Max: 10
[2025-11-17 15:20:28] INFO: Server running on port 5000
[2025-11-17 15:20:54] INFO:  Database connected successfully
[2025-11-17 15:20:54] INFO:  Mongo URI: mongodb+srv://sara_inam:bsit%40123@cluster0.8kw1x3g.mongodb.net/E-shop
[2025-11-17 15:20:54] INFO:  Pool Size → Min: 2, Max: 10
[2025-11-17 15:20:54] INFO: Server running on port 5000
[2025-11-17 15:21:12] INFO:  Database connected successfully
[2025-11-17 15:21:12] INFO:  Mongo URI: mongodb+srv://sara_inam:bsit%40123@cluster0.8kw1x3g.mongodb.net/E-shop
[2025-11-17 15:21:12] INFO:  Pool Size → Min: 2, Max: 10
[2025-11-17 15:21:12] INFO: Server running on port 5000
[2025-11-17 15:21:25] INFO:  Database connected successfully
[2025-11-17 15:21:25] INFO:  Mongo URI: mongodb+srv://sara_inam:bsit%40123@cluster0.8kw1x3g.mongodb.net/E-shop
[2025-11-17 15:21:25] INFO:  Pool Size → Min: 2, Max: 10
[2025-11-17 15:21:25] INFO: Server running on port 5000
[2025-11-17 15:21:33] INFO:  Database connected successfully
[2025-11-17 15:21:33] INFO:  Mongo URI: mongodb+srv://sara_inam:bsit%40123@cluster0.8kw1x3g.mongodb.net/E-shop
[2025-11-17 15:21:33] INFO:  Pool Size → Min: 2, Max: 10
[2025-11-17 15:21:33] INFO: Server running on port 5000
[2025-11-17 15:21:46] INFO:  Database connected successfully
[2025-11-17 15:21:46] INFO:  Mongo URI: mongodb+srv://sara_inam:bsit%40123@cluster0.8kw1x3g.mongodb.net/E-shop
[2025-11-17 15:21:46] INFO:  Pool Size → Min: 2, Max: 10
[2025-11-17 15:21:46] INFO: Server running on port 5000
[2025-11-17 15:21:52] INFO:  Database connected successfully
[2025-11-17 15:21:52] INFO:  Mongo URI: mongodb+srv://sara_inam:bsit%40123@cluster0.8kw1x3g.mongodb.net/E-shop
[2025-11-17 15:21:52] INFO:  Pool Size → Min: 2, Max: 10
[2025-11-17 15:21:52] INFO: Server running on port 5000
[2025-11-17 15:22:03] INFO:  Database connected successfully
[2025-11-17 15:22:03] INFO:  Mongo URI: mongodb+srv://sara_inam:bsit%40123@cluster0.8kw1x3g.mongodb.net/E-shop
[2025-11-17 15:22:03] INFO:  Pool Size → Min: 2, Max: 10
[2025-11-17 15:22:03] INFO: Server running on port 5000
[2025-11-17 15:22:16] INFO:  Database connected successfully
[2025-11-17 15:22:16] INFO:  Mongo URI: mongodb+srv://sara_inam:bsit%40123@cluster0.8kw1x3g.mongodb.net/E-shop
[2025-11-17 15:22:16] INFO:  Pool Size → Min: 2, Max: 10
[2025-11-17 15:22:16] INFO: Server running on port 5000
[2025-11-17 15:22:27] INFO:  Database connected successfully
[2025-11-17 15:22:27] INFO:  Mongo URI: mongodb+srv://sara_inam:bsit%40123@cluster0.8kw1x3g.mongodb.net/E-shop
[2025-11-17 15:22:27] INFO:  Pool Size → Min: 2, Max: 10
[2025-11-17 15:22:27] INFO: Server running on port 5000
[2025-11-17 15:23:08] INFO:  Database connected successfully
[2025-11-17 15:23:08] INFO:  Mongo URI: mongodb+srv://sara_inam:bsit%40123@cluster0.8kw1x3g.mongodb.net/E-shop
[2025-11-17 15:23:08] INFO:  Pool Size → Min: 2, Max: 10
[2025-11-17 15:23:08] INFO: Server running on port 5000
[2025-11-17 15:23:46] INFO:  Database connected successfully
[2025-11-17 15:23:46] INFO:  Mongo URI: mongodb+srv://sara_inam:bsit%40123@cluster0.8kw1x3g.mongodb.net/E-shop
[2025-11-17 15:23:46] INFO:  Pool Size → Min: 2, Max: 10
[2025-11-17 15:23:46] INFO: Server running on port 5000
[2025-11-17 15:24:00] INFO:  Database connected successfully
[2025-11-17 15:24:00] INFO:  Mongo URI: mongodb+srv://sara_inam:bsit%40123@cluster0.8kw1x3g.mongodb.net/E-shop
[2025-11-17 15:24:00] INFO:  Pool Size → Min: 2, Max: 10
[2025-11-17 15:24:00] INFO: Server running on port 5000
[2025-11-17 15:24:26] INFO:  Database connected successfully
[2025-11-17 15:24:26] INFO:  Mongo URI: mongodb+srv://sara_inam:bsit%40123@cluster0.8kw1x3g.mongodb.net/E-shop
[2025-11-17 15:24:26] INFO:  Pool Size → Min: 2, Max: 10
[2025-11-17 15:24:26] INFO: Server running on port 5000
[2025-11-17 15:24:32] INFO:  Database connected successfully
[2025-11-17 15:24:32] INFO:  Mongo URI: mongodb+srv://sara_inam:bsit%40123@cluster0.8kw1x3g.mongodb.net/E-shop
[2025-11-17 15:24:32] INFO:  Pool Size → Min: 2, Max: 10
[2025-11-17 15:24:32] INFO: Server running on port 5000
[2025-11-17 15:24:36] INFO:  Database connected successfully
[2025-11-17 15:24:36] INFO:  Mongo URI: mongodb+srv://sara_inam:bsit%40123@cluster0.8kw1x3g.mongodb.net/E-shop
[2025-11-17 15:24:36] INFO:  Pool Size → Min: 2, Max: 10
[2025-11-17 15:24:36] INFO: Server running on port 5000
[2025-11-17 15:24:42] INFO:  Database connected successfully
[2025-11-17 15:24:42] INFO:  Mongo URI: mongodb+srv://sara_inam:bsit%40123@cluster0.8kw1x3g.mongodb.net/E-shop
[2025-11-17 15:24:42] INFO:  Pool Size → Min: 2, Max: 10
[2025-11-17 15:24:42] INFO: Server running on port 5000
[2025-11-17 15:24:52] INFO:  Database connected successfully
[2025-11-17 15:24:52] INFO:  Mongo URI: mongodb+srv://sara_inam:bsit%40123@cluster0.8kw1x3g.mongodb.net/E-shop
[2025-11-17 15:24:52] INFO:  Pool Size → Min: 2, Max: 10
[2025-11-17 15:24:52] INFO: Server running on port 5000
[2025-11-17 15:25:03] INFO:  Database connected successfully
[2025-11-17 15:25:03] INFO:  Mongo URI: mongodb+srv://sara_inam:bsit%40123@cluster0.8kw1x3g.mongodb.net/E-shop
[2025-11-17 15:25:03] INFO:  Pool Size → Min: 2, Max: 10
[2025-11-17 15:25:03] INFO: Server running on port 5000
[2025-11-17 15:25:15] INFO:  Database connected successfully
[2025-11-17 15:25:15] INFO:  Mongo URI: mongodb+srv://sara_inam:bsit%40123@cluster0.8kw1x3g.mongodb.net/E-shop
[2025-11-17 15:25:15] INFO:  Pool Size → Min: 2, Max: 10
[2025-11-17 15:25:15] INFO: Server running on port 5000
[2025-11-17 15:25:24] INFO:  Database connected successfully
[2025-11-17 15:25:24] INFO:  Mongo URI: mongodb+srv://sara_inam:bsit%40123@cluster0.8kw1x3g.mongodb.net/E-shop
[2025-11-17 15:25:24] INFO:  Pool Size → Min: 2, Max: 10
[2025-11-17 15:25:24] INFO: Server running on port 5000
[2025-11-17 15:25:52] INFO:  Database connected successfully
[2025-11-17 15:25:52] INFO:  Mongo URI: mongodb+srv://sara_inam:bsit%40123@cluster0.8kw1x3g.mongodb.net/E-shop
[2025-11-17 15:25:52] INFO:  Pool Size → Min: 2, Max: 10
[2025-11-17 15:25:52] INFO: Server running on port 5000
[2025-11-17 15:26:02] INFO:  Database connected successfully
[2025-11-17 15:26:02] INFO:  Mongo URI: mongodb+srv://sara_inam:bsit%40123@cluster0.8kw1x3g.mongodb.net/E-shop
[2025-11-17 15:26:02] INFO:  Pool Size → Min: 2, Max: 10
[2025-11-17 15:26:02] INFO: Server running on port 5000
[2025-11-17 15:26:10] INFO:  Database connected successfully
[2025-11-17 15:26:10] INFO:  Mongo URI: mongodb+srv://sara_inam:bsit%40123@cluster0.8kw1x3g.mongodb.net/E-shop
[2025-11-17 15:26:10] INFO:  Pool Size → Min: 2, Max: 10
[2025-11-17 15:26:10] INFO: Server running on port 5000
[2025-11-17 15:26:17] INFO:  Database connected successfully
[2025-11-17 15:26:17] INFO:  Mongo URI: mongodb+srv://sara_inam:bsit%40123@cluster0.8kw1x3g.mongodb.net/E-shop
[2025-11-17 15:26:17] INFO:  Pool Size → Min: 2, Max: 10
[2025-11-17 15:26:17] INFO: Server running on port 5000
[2025-11-17 15:26:25] INFO:  Database connected successfully
[2025-11-17 15:26:25] INFO:  Mongo URI: mongodb+srv://sara_inam:bsit%40123@cluster0.8kw1x3g.mongodb.net/E-shop
[2025-11-17 15:26:25] INFO:  Pool Size → Min: 2, Max: 10
[2025-11-17 15:26:25] INFO: Server running on port 5000
[2025-11-17 15:26:44] INFO:  Database connected successfully
[2025-11-17 15:26:44] INFO:  Mongo URI: mongodb+srv://sara_inam:bsit%40123@cluster0.8kw1x3g.mongodb.net/E-shop
[2025-11-17 15:26:44] INFO:  Pool Size → Min: 2, Max: 10
[2025-11-17 15:26:44] INFO: Server running on port 5000
[2025-11-17 15:26:55] INFO:  Database connected successfully
[2025-11-17 15:26:55] INFO:  Mongo URI: mongodb+srv://sara_inam:bsit%40123@cluster0.8kw1x3g.mongodb.net/E-shop
[2025-11-17 15:26:55] INFO:  Pool Size → Min: 2, Max: 10
[2025-11-17 15:26:55] INFO: Server running on port 5000
[2025-11-17 15:27:07] INFO:  Database connected successfully
[2025-11-17 15:27:07] INFO:  Mongo URI: mongodb+srv://sara_inam:bsit%40123@cluster0.8kw1x3g.mongodb.net/E-shop
[2025-11-17 15:27:07] INFO:  Pool Size → Min: 2, Max: 10
[2025-11-17 15:27:07] INFO: Server running on port 5000
[2025-11-17 15:27:30] INFO:  Database connected successfully
[2025-11-17 15:27:30] INFO:  Mongo URI: mongodb+srv://sara_inam:bsit%40123@cluster0.8kw1x3g.mongodb.net/E-shop
[2025-11-17 15:27:30] INFO:  Pool Size → Min: 2, Max: 10
[2025-11-17 15:27:30] INFO: Server running on port 5000
[2025-11-17 15:27:46] INFO:  Database connected successfully
[2025-11-17 15:27:46] INFO:  Mongo URI: mongodb+srv://sara_inam:bsit%40123@cluster0.8kw1x3g.mongodb.net/E-shop
[2025-11-17 15:27:46] INFO:  Pool Size → Min: 2, Max: 10
[2025-11-17 15:27:46] INFO: Server running on port 5000
[2025-11-17 15:27:51] INFO:  Database connected successfully
[2025-11-17 15:27:51] INFO:  Mongo URI: mongodb+srv://sara_inam:bsit%40123@cluster0.8kw1x3g.mongodb.net/E-shop
[2025-11-17 15:27:51] INFO:  Pool Size → Min: 2, Max: 10
[2025-11-17 15:27:51] INFO: Server running on port 5000
[2025-11-17 15:28:13] INFO:  Database connected successfully
[2025-11-17 15:28:13] INFO:  Mongo URI: mongodb+srv://sara_inam:bsit%40123@cluster0.8kw1x3g.mongodb.net/E-shop
[2025-11-17 15:28:13] INFO:  Pool Size → Min: 2, Max: 10
[2025-11-17 15:28:13] INFO: Server running on port 5000
[2025-11-17 15:28:42] INFO:  Database connected successfully
[2025-11-17 15:28:42] INFO:  Mongo URI: mongodb+srv://sara_inam:bsit%40123@cluster0.8kw1x3g.mongodb.net/E-shop
[2025-11-17 15:28:42] INFO:  Pool Size → Min: 2, Max: 10
[2025-11-17 15:28:42] INFO: Server running on port 5000
[2025-11-17 15:29:04] INFO:  Database connected successfully
[2025-11-17 15:29:04] INFO:  Mongo URI: mongodb+srv://sara_inam:bsit%40123@cluster0.8kw1x3g.mongodb.net/E-shop
[2025-11-17 15:29:04] INFO:  Pool Size → Min: 2, Max: 10
[2025-11-17 15:29:04] INFO: Server running on port 5000
[2025-11-17 15:30:49] INFO:  Database connected successfully
[2025-11-17 15:30:49] INFO:  Mongo URI: mongodb+srv://sara_inam:bsit%40123@cluster0.8kw1x3g.mongodb.net/E-shop
[2025-11-17 15:30:49] INFO:  Pool Size → Min: 2, Max: 10
[2025-11-17 15:30:49] INFO: Server running on port 5000
[2025-11-17 15:30:58] INFO:  Database connected successfully
[2025-11-17 15:30:58] INFO:  Mongo URI: mongodb+srv://sara_inam:bsit%40123@cluster0.8kw1x3g.mongodb.net/E-shop
[2025-11-17 15:30:58] INFO:  Pool Size → Min: 2, Max: 10
[2025-11-17 15:30:58] INFO: Server running on port 5000
[2025-11-17 15:45:37] INFO:  Database connected successfully
[2025-11-17 15:45:37] INFO:  Mongo URI: mongodb+srv://sara_inam:bsit%40123@cluster0.8kw1x3g.mongodb.net/E-shop
[2025-11-17 15:45:37] INFO:  Pool Size → Min: 2, Max: 10
[2025-11-17 15:45:37] INFO: Server running on port 5000
[2025-11-17 15:47:27] INFO:  Database connected successfully
[2025-11-17 15:47:27] INFO:  Mongo URI: mongodb+srv://sara_inam:bsit%40123@cluster0.8kw1x3g.mongodb.net/E-shop
[2025-11-17 15:47:27] INFO:  Pool Size → Min: 2, Max: 10
[2025-11-17 15:47:27] INFO: Server running on port 5000
[2025-11-17 15:47:46] INFO:  Database connected successfully
[2025-11-17 15:47:46] INFO:  Mongo URI: mongodb+srv://sara_inam:bsit%40123@cluster0.8kw1x3g.mongodb.net/E-shop
[2025-11-17 15:47:46] INFO:  Pool Size → Min: 2, Max: 10
[2025-11-17 15:47:46] INFO: Server running on port 5000
[2025-11-17 15:48:22] INFO:  Database connected successfully
[2025-11-17 15:48:22] INFO:  Mongo URI: mongodb+srv://sara_inam:bsit%40123@cluster0.8kw1x3g.mongodb.net/E-shop
[2025-11-17 15:48:22] INFO:  Pool Size → Min: 2, Max: 10
[2025-11-17 15:48:22] INFO: Server running on port 5000
[2025-11-17 15:48:28] INFO:  Database connected successfully
[2025-11-17 15:48:28] INFO:  Mongo URI: mongodb+srv://sara_inam:bsit%40123@cluster0.8kw1x3g.mongodb.net/E-shop
[2025-11-17 15:48:28] INFO:  Pool Size → Min: 2, Max: 10
[2025-11-17 15:48:28] INFO: Server running on port 5000
[2025-11-17 15:49:13] INFO:  Database connected successfully
[2025-11-17 15:49:13] INFO:  Mongo URI: mongodb+srv://sara_inam:bsit%40123@cluster0.8kw1x3g.mongodb.net/E-shop
[2025-11-17 15:49:13] INFO:  Pool Size → Min: 2, Max: 10
[2025-11-17 15:49:13] INFO: Server running on port 5000
[2025-11-17 15:51:00] INFO:  Database connected successfully
[2025-11-17 15:51:00] INFO:  Mongo URI: mongodb+srv://sara_inam:bsit%40123@cluster0.8kw1x3g.mongodb.net/E-shop
[2025-11-17 15:51:00] INFO:  Pool Size → Min: 2, Max: 10
[2025-11-17 15:51:00] INFO: Server running on port 5000
[2025-11-17 15:53:12] INFO:  Database connected successfully
[2025-11-17 15:53:12] INFO:  Mongo URI: mongodb+srv://sara_inam:bsit%40123@cluster0.8kw1x3g.mongodb.net/E-shop
[2025-11-17 15:53:12] INFO:  Pool Size → Min: 2, Max: 10
[2025-11-17 15:53:12] INFO: Server running on port 5000
[2025-11-17 15:53:53] INFO:  Database connected successfully
[2025-11-17 15:53:53] INFO:  Mongo URI: mongodb+srv://sara_inam:bsit%40123@cluster0.8kw1x3g.mongodb.net/E-shop
[2025-11-17 15:53:53] INFO:  Pool Size → Min: 2, Max: 10
[2025-11-17 15:53:53] INFO: Server running on port 5000
[2025-11-17 15:56:22] INFO:  Database connected successfully
[2025-11-17 15:56:22] INFO:  Mongo URI: mongodb+srv://sara_inam:bsit%40123@cluster0.8kw1x3g.mongodb.net/E-shop
[2025-11-17 15:56:22] INFO:  Pool Size → Min: 2, Max: 10
[2025-11-17 15:56:22] INFO: Server running on port 5000
[2025-11-17 15:56:47] INFO:  Database connected successfully
[2025-11-17 15:56:48] INFO:  Mongo URI: mongodb+srv://sara_inam:bsit%40123@cluster0.8kw1x3g.mongodb.net/E-shop
[2025-11-17 15:56:48] INFO:  Pool Size → Min: 2, Max: 10
[2025-11-17 15:56:48] INFO: Server running on port 5000
[2025-11-17 16:05:15] INFO:  Database connected successfully
[2025-11-17 16:05:15] INFO:  Mongo URI: mongodb+srv://sara_inam:bsit%40123@cluster0.8kw1x3g.mongodb.net/E-shop
[2025-11-17 16:05:15] INFO:  Pool Size → Min: 2, Max: 10
[2025-11-17 16:05:15] INFO: Server running on port 5000
[2025-11-17 16:05:21] INFO:  Database connected successfully
[2025-11-17 16:05:21] INFO:  Mongo URI: mongodb+srv://sara_inam:bsit%40123@cluster0.8kw1x3g.mongodb.net/E-shop
[2025-11-17 16:05:21] INFO:  Pool Size → Min: 2, Max: 10
[2025-11-17 16:05:21] INFO: Server running on port 5000
[2025-11-17 16:05:43] INFO:  Database connected successfully
[2025-11-17 16:05:43] INFO:  Mongo URI: mongodb+srv://sara_inam:bsit%40123@cluster0.8kw1x3g.mongodb.net/E-shop
[2025-11-17 16:05:43] INFO:  Pool Size → Min: 2, Max: 10
[2025-11-17 16:05:43] INFO: Server running on port 5000
[2025-11-17 16:05:58] INFO:  Database connected successfully
[2025-11-17 16:05:58] INFO:  Mongo URI: mongodb+srv://sara_inam:bsit%40123@cluster0.8kw1x3g.mongodb.net/E-shop
[2025-11-17 16:05:58] INFO:  Pool Size → Min: 2, Max: 10
[2025-11-17 16:05:58] INFO: Server running on port 5000
[2025-11-17 16:06:07] INFO:  Database connected successfully
[2025-11-17 16:06:07] INFO:  Mongo URI: mongodb+srv://sara_inam:bsit%40123@cluster0.8kw1x3g.mongodb.net/E-shop
[2025-11-17 16:06:07] INFO:  Pool Size → Min: 2, Max: 10
[2025-11-17 16:06:07] INFO: Server running on port 5000
[2025-11-17 16:07:06] INFO:  Database connected successfully
[2025-11-17 16:07:06] INFO:  Mongo URI: mongodb+srv://sara_inam:bsit%40123@cluster0.8kw1x3g.mongodb.net/E-shop
[2025-11-17 16:07:06] INFO:  Pool Size → Min: 2, Max: 10
[2025-11-17 16:07:06] INFO: Server running on port 5000
[2025-11-17 16:08:14] INFO:  Database connected successfully
[2025-11-17 16:08:14] INFO:  Mongo URI: mongodb+srv://sara_inam:bsit%40123@cluster0.8kw1x3g.mongodb.net/E-shop
[2025-11-17 16:08:14] INFO:  Pool Size → Min: 2, Max: 10
[2025-11-17 16:08:14] INFO: Server running on port 5000
[2025-11-17 16:08:18] ERROR: config is not defined
[2025-11-17 16:10:44] INFO:  Database connected successfully
[2025-11-17 16:10:44] INFO:  Mongo URI: mongodb+srv://sara_inam:bsit%40123@cluster0.8kw1x3g.mongodb.net/E-shop
[2025-11-17 16:10:44] INFO:  Pool Size → Min: 2, Max: 10
[2025-11-17 16:10:44] INFO: Server running on port 5000
[2025-11-17 16:11:47] ERROR: config is not defined
[2025-11-17 16:12:29] INFO:  Database connected successfully
[2025-11-17 16:12:29] INFO:  Mongo URI: mongodb+srv://sara_inam:bsit%40123@cluster0.8kw1x3g.mongodb.net/E-shop
[2025-11-17 16:12:29] INFO:  Pool Size → Min: 2, Max: 10
[2025-11-17 16:12:29] INFO: Server running on port 5000
[2025-11-17 16:15:12] INFO:  Database connected successfully
[2025-11-17 16:15:12] INFO:  Mongo URI: mongodb+srv://sara_inam:bsit%40123@cluster0.8kw1x3g.mongodb.net/E-shop
[2025-11-17 16:15:12] INFO:  Pool Size → Min: 2, Max: 10
[2025-11-17 16:15:12] INFO: Server running on port 5000
[2025-11-17 16:15:41] INFO: undefined logged in: sara@gmail.com
[2025-11-17 16:21:23] INFO:  Database connected successfully
[2025-11-17 16:21:23] INFO:  Mongo URI: mongodb+srv://sara_inam:bsit%40123@cluster0.8kw1x3g.mongodb.net/E-shop
[2025-11-17 16:21:23] INFO:  Pool Size → Min: 2, Max: 10
[2025-11-17 16:21:23] INFO: Server running on port 5000
[2025-11-17 16:22:02] INFO:  Database connected successfully
[2025-11-17 16:22:02] INFO:  Mongo URI: mongodb+srv://sara_inam:bsit%40123@cluster0.8kw1x3g.mongodb.net/E-shop
[2025-11-17 16:22:02] INFO:  Pool Size → Min: 2, Max: 10
[2025-11-17 16:22:02] INFO: Server running on port 5000
[2025-11-17 16:22:39] INFO:  Database connected successfully
[2025-11-17 16:22:39] INFO:  Mongo URI: mongodb+srv://sara_inam:bsit%40123@cluster0.8kw1x3g.mongodb.net/E-shop
[2025-11-17 16:22:39] INFO:  Pool Size → Min: 2, Max: 10
[2025-11-17 16:22:39] INFO: Server running on port 5000
[2025-11-17 16:23:10] INFO:  Database connected successfully
[2025-11-17 16:23:10] INFO:  Mongo URI: mongodb+srv://sara_inam:bsit%40123@cluster0.8kw1x3g.mongodb.net/E-shop
[2025-11-17 16:23:10] INFO:  Pool Size → Min: 2, Max: 10
[2025-11-17 16:23:10] INFO: Server running on port 5000
[2025-11-17 16:23:45] INFO:  Database connected successfully
[2025-11-17 16:23:45] INFO:  Mongo URI: mongodb+srv://sara_inam:bsit%40123@cluster0.8kw1x3g.mongodb.net/E-shop
[2025-11-17 16:23:45] INFO:  Pool Size → Min: 2, Max: 10
[2025-11-17 16:23:45] INFO: Server running on port 5000
[2025-11-17 16:24:01] INFO:  Database connected successfully
[2025-11-17 16:24:01] INFO:  Mongo URI: mongodb+srv://sara_inam:bsit%40123@cluster0.8kw1x3g.mongodb.net/E-shop
[2025-11-17 16:24:01] INFO:  Pool Size → Min: 2, Max: 10
[2025-11-17 16:24:01] INFO: Server running on port 5000
[2025-11-17 16:24:22] INFO:  Database connected successfully
[2025-11-17 16:24:22] INFO:  Mongo URI: mongodb+srv://sara_inam:bsit%40123@cluster0.8kw1x3g.mongodb.net/E-shop
[2025-11-17 16:24:22] INFO:  Pool Size → Min: 2, Max: 10
[2025-11-17 16:24:22] INFO: Server running on port 5000
[2025-11-17 16:25:18] INFO:  Database connected successfully
[2025-11-17 16:25:18] INFO:  Mongo URI: mongodb+srv://sara_inam:bsit%40123@cluster0.8kw1x3g.mongodb.net/E-shop
[2025-11-17 16:25:18] INFO:  Pool Size → Min: 2, Max: 10
[2025-11-17 16:25:18] INFO: Server running on port 5000
[2025-11-17 16:25:39] INFO:  Database connected successfully
[2025-11-17 16:25:39] INFO:  Mongo URI: mongodb+srv://sara_inam:bsit%40123@cluster0.8kw1x3g.mongodb.net/E-shop
[2025-11-17 16:25:39] INFO:  Pool Size → Min: 2, Max: 10
[2025-11-17 16:25:39] INFO: Server running on port 5000
[2025-11-17 16:28:33] INFO:  Database connected successfully
[2025-11-17 16:28:33] INFO:  Mongo URI: mongodb+srv://sara_inam:bsit%40123@cluster0.8kw1x3g.mongodb.net/E-shop
[2025-11-17 16:28:33] INFO:  Pool Size → Min: 2, Max: 10
[2025-11-17 16:28:33] INFO: Server running on port 5000
[2025-11-17 16:30:50] INFO:  Database connected successfully
[2025-11-17 16:30:50] INFO:  Mongo URI: mongodb+srv://sara_inam:bsit%40123@cluster0.8kw1x3g.mongodb.net/E-shop
[2025-11-17 16:30:50] INFO:  Pool Size → Min: 2, Max: 10
[2025-11-17 16:30:50] INFO: Server running on port 5000
[2025-11-17 16:31:06] INFO: undefined logged in: sara@gmail.com
